  imgui_impl_glfw.cpp
  imgui_impl_opengl3.cpp
  imgui.cpp
  lodepng.cpp
  Generando código...
  Renderer.cpp
     Creando biblioteca D:\Github\RayTracing\Debug\RayTracing.lib y objeto D:\Github\RayTracing\Debug\RayTracing.exp
imgui_impl_glfw.obj : error LNK2019: símbolo externo _glfwGetWindowSize sin resolver al que se hace referencia en la función "void __cdecl ImGui_ImplGlfw_NewFrame(void)" (?ImGui_ImplGlfw_NewFrame@@YAXXZ)
imgui_impl_glfw.obj : error LNK2019: símbolo externo _glfwGetFramebufferSize sin resolver al que se hace referencia en la función "void __cdecl ImGui_ImplGlfw_NewFrame(void)" (?ImGui_ImplGlfw_NewFrame@@YAXXZ)
imgui_impl_glfw.obj : error LNK2019: símbolo externo _glfwGetWindowAttrib sin resolver al que se hace referencia en la función "void __cdecl ImGui_ImplGlfw_UpdateMousePosAndButtons(void)" (?ImGui_ImplGlfw_UpdateMousePosAndButtons@@YAXXZ)
imgui_impl_glfw.obj : error LNK2019: símbolo externo _glfwGetInputMode sin resolver al que se hace referencia en la función "void __cdecl ImGui_ImplGlfw_UpdateMouseCursor(void)" (?ImGui_ImplGlfw_UpdateMouseCursor@@YAXXZ)
imgui_impl_glfw.obj : error LNK2019: símbolo externo _glfwSetInputMode sin resolver al que se hace referencia en la función "void __cdecl ImGui_ImplGlfw_UpdateMouseCursor(void)" (?ImGui_ImplGlfw_UpdateMouseCursor@@YAXXZ)
imgui_impl_glfw.obj : error LNK2019: símbolo externo _glfwGetMouseButton sin resolver al que se hace referencia en la función "void __cdecl ImGui_ImplGlfw_UpdateMousePosAndButtons(void)" (?ImGui_ImplGlfw_UpdateMousePosAndButtons@@YAXXZ)
imgui_impl_glfw.obj : error LNK2019: símbolo externo _glfwGetCursorPos sin resolver al que se hace referencia en la función "void __cdecl ImGui_ImplGlfw_UpdateMousePosAndButtons(void)" (?ImGui_ImplGlfw_UpdateMousePosAndButtons@@YAXXZ)
imgui_impl_glfw.obj : error LNK2019: símbolo externo _glfwSetCursorPos sin resolver al que se hace referencia en la función "void __cdecl ImGui_ImplGlfw_UpdateMousePosAndButtons(void)" (?ImGui_ImplGlfw_UpdateMousePosAndButtons@@YAXXZ)
imgui_impl_glfw.obj : error LNK2019: símbolo externo _glfwCreateStandardCursor sin resolver al que se hace referencia en la función "bool __cdecl ImGui_ImplGlfw_Init(struct GLFWwindow *,bool,enum GlfwClientApi)" (?ImGui_ImplGlfw_Init@@YA_NPAUGLFWwindow@@_NW4GlfwClientApi@@@Z)
imgui_impl_glfw.obj : error LNK2019: símbolo externo _glfwDestroyCursor sin resolver al que se hace referencia en la función "void __cdecl ImGui_ImplGlfw_Shutdown(void)" (?ImGui_ImplGlfw_Shutdown@@YAXXZ)
imgui_impl_glfw.obj : error LNK2019: símbolo externo _glfwSetCursor sin resolver al que se hace referencia en la función "void __cdecl ImGui_ImplGlfw_UpdateMouseCursor(void)" (?ImGui_ImplGlfw_UpdateMouseCursor@@YAXXZ)
imgui_impl_glfw.obj : error LNK2019: símbolo externo _glfwSetKeyCallback sin resolver al que se hace referencia en la función "bool __cdecl ImGui_ImplGlfw_Init(struct GLFWwindow *,bool,enum GlfwClientApi)" (?ImGui_ImplGlfw_Init@@YA_NPAUGLFWwindow@@_NW4GlfwClientApi@@@Z)
imgui_impl_glfw.obj : error LNK2019: símbolo externo _glfwSetCharCallback sin resolver al que se hace referencia en la función "bool __cdecl ImGui_ImplGlfw_Init(struct GLFWwindow *,bool,enum GlfwClientApi)" (?ImGui_ImplGlfw_Init@@YA_NPAUGLFWwindow@@_NW4GlfwClientApi@@@Z)
imgui_impl_glfw.obj : error LNK2019: símbolo externo _glfwSetMouseButtonCallback sin resolver al que se hace referencia en la función "bool __cdecl ImGui_ImplGlfw_Init(struct GLFWwindow *,bool,enum GlfwClientApi)" (?ImGui_ImplGlfw_Init@@YA_NPAUGLFWwindow@@_NW4GlfwClientApi@@@Z)
imgui_impl_glfw.obj : error LNK2019: símbolo externo _glfwSetScrollCallback sin resolver al que se hace referencia en la función "bool __cdecl ImGui_ImplGlfw_Init(struct GLFWwindow *,bool,enum GlfwClientApi)" (?ImGui_ImplGlfw_Init@@YA_NPAUGLFWwindow@@_NW4GlfwClientApi@@@Z)
imgui_impl_glfw.obj : error LNK2019: símbolo externo _glfwGetJoystickAxes sin resolver al que se hace referencia en la función "void __cdecl ImGui_ImplGlfw_UpdateGamepads(void)" (?ImGui_ImplGlfw_UpdateGamepads@@YAXXZ)
imgui_impl_glfw.obj : error LNK2019: símbolo externo _glfwGetJoystickButtons sin resolver al que se hace referencia en la función "void __cdecl ImGui_ImplGlfw_UpdateGamepads(void)" (?ImGui_ImplGlfw_UpdateGamepads@@YAXXZ)
imgui_impl_glfw.obj : error LNK2019: símbolo externo _glfwSetClipboardString sin resolver al que se hace referencia en la función "void __cdecl ImGui_ImplGlfw_SetClipboardText(void *,char const *)" (?ImGui_ImplGlfw_SetClipboardText@@YAXPAXPBD@Z)
imgui_impl_glfw.obj : error LNK2019: símbolo externo _glfwGetClipboardString sin resolver al que se hace referencia en la función "char const * __cdecl ImGui_ImplGlfw_GetClipboardText(void *)" (?ImGui_ImplGlfw_GetClipboardText@@YAPBDPAX@Z)
imgui_impl_glfw.obj : error LNK2019: símbolo externo _glfwGetTime sin resolver al que se hace referencia en la función "void __cdecl ImGui_ImplGlfw_NewFrame(void)" (?ImGui_ImplGlfw_NewFrame@@YAXXZ)
imgui_impl_glfw.obj : error LNK2019: símbolo externo _glfwGetWin32Window sin resolver al que se hace referencia en la función "bool __cdecl ImGui_ImplGlfw_Init(struct GLFWwindow *,bool,enum GlfwClientApi)" (?ImGui_ImplGlfw_Init@@YA_NPAUGLFWwindow@@_NW4GlfwClientApi@@@Z)
imgui_impl_opengl3.obj : error LNK2019: símbolo externo __imp____glewActiveTexture sin resolver al que se hace referencia en la función "void __cdecl ImGui_ImplOpenGL3_RenderDrawData(struct ImDrawData *)" (?ImGui_ImplOpenGL3_RenderDrawData@@YAXPAUImDrawData@@@Z)
imgui_impl_opengl3.obj : error LNK2019: símbolo externo __imp____glewBlendEquation sin resolver al que se hace referencia en la función "void __cdecl ImGui_ImplOpenGL3_SetupRenderState(struct ImDrawData *,int,int,unsigned int)" (?ImGui_ImplOpenGL3_SetupRenderState@@YAXPAUImDrawData@@HHI@Z)
imgui_impl_opengl3.obj : error LNK2019: símbolo externo __imp____glewBlendFuncSeparate sin resolver al que se hace referencia en la función "void __cdecl ImGui_ImplOpenGL3_RenderDrawData(struct ImDrawData *)" (?ImGui_ImplOpenGL3_RenderDrawData@@YAXPAUImDrawData@@@Z)
imgui_impl_opengl3.obj : error LNK2019: símbolo externo __imp____glewBindBuffer sin resolver al que se hace referencia en la función "bool __cdecl ImGui_ImplOpenGL3_CreateDeviceObjects(void)" (?ImGui_ImplOpenGL3_CreateDeviceObjects@@YA_NXZ)
imgui_impl_opengl3.obj : error LNK2019: símbolo externo __imp____glewBufferData sin resolver al que se hace referencia en la función "void __cdecl ImGui_ImplOpenGL3_RenderDrawData(struct ImDrawData *)" (?ImGui_ImplOpenGL3_RenderDrawData@@YAXPAUImDrawData@@@Z)
imgui_impl_opengl3.obj : error LNK2019: símbolo externo __imp____glewDeleteBuffers sin resolver al que se hace referencia en la función "void __cdecl ImGui_ImplOpenGL3_DestroyDeviceObjects(void)" (?ImGui_ImplOpenGL3_DestroyDeviceObjects@@YAXXZ)
imgui_impl_opengl3.obj : error LNK2019: símbolo externo __imp____glewGenBuffers sin resolver al que se hace referencia en la función "bool __cdecl ImGui_ImplOpenGL3_CreateDeviceObjects(void)" (?ImGui_ImplOpenGL3_CreateDeviceObjects@@YA_NXZ)
imgui_impl_opengl3.obj : error LNK2019: símbolo externo __imp____glewAttachShader sin resolver al que se hace referencia en la función "bool __cdecl ImGui_ImplOpenGL3_CreateDeviceObjects(void)" (?ImGui_ImplOpenGL3_CreateDeviceObjects@@YA_NXZ)
imgui_impl_opengl3.obj : error LNK2019: símbolo externo __imp____glewBlendEquationSeparate sin resolver al que se hace referencia en la función "void __cdecl ImGui_ImplOpenGL3_RenderDrawData(struct ImDrawData *)" (?ImGui_ImplOpenGL3_RenderDrawData@@YAXPAUImDrawData@@@Z)
imgui_impl_opengl3.obj : error LNK2019: símbolo externo __imp____glewCompileShader sin resolver al que se hace referencia en la función "bool __cdecl ImGui_ImplOpenGL3_CreateDeviceObjects(void)" (?ImGui_ImplOpenGL3_CreateDeviceObjects@@YA_NXZ)
imgui_impl_opengl3.obj : error LNK2019: símbolo externo __imp____glewCreateProgram sin resolver al que se hace referencia en la función "bool __cdecl ImGui_ImplOpenGL3_CreateDeviceObjects(void)" (?ImGui_ImplOpenGL3_CreateDeviceObjects@@YA_NXZ)
imgui_impl_opengl3.obj : error LNK2019: símbolo externo __imp____glewCreateShader sin resolver al que se hace referencia en la función "bool __cdecl ImGui_ImplOpenGL3_CreateDeviceObjects(void)" (?ImGui_ImplOpenGL3_CreateDeviceObjects@@YA_NXZ)
imgui_impl_opengl3.obj : error LNK2019: símbolo externo __imp____glewDeleteProgram sin resolver al que se hace referencia en la función "void __cdecl ImGui_ImplOpenGL3_DestroyDeviceObjects(void)" (?ImGui_ImplOpenGL3_DestroyDeviceObjects@@YAXXZ)
imgui_impl_opengl3.obj : error LNK2019: símbolo externo __imp____glewDeleteShader sin resolver al que se hace referencia en la función "void __cdecl ImGui_ImplOpenGL3_DestroyDeviceObjects(void)" (?ImGui_ImplOpenGL3_DestroyDeviceObjects@@YAXXZ)
imgui_impl_opengl3.obj : error LNK2019: símbolo externo __imp____glewDetachShader sin resolver al que se hace referencia en la función "void __cdecl ImGui_ImplOpenGL3_DestroyDeviceObjects(void)" (?ImGui_ImplOpenGL3_DestroyDeviceObjects@@YAXXZ)
imgui_impl_opengl3.obj : error LNK2019: símbolo externo __imp____glewEnableVertexAttribArray sin resolver al que se hace referencia en la función "void __cdecl ImGui_ImplOpenGL3_SetupRenderState(struct ImDrawData *,int,int,unsigned int)" (?ImGui_ImplOpenGL3_SetupRenderState@@YAXPAUImDrawData@@HHI@Z)
imgui_impl_opengl3.obj : error LNK2019: símbolo externo __imp____glewGetAttribLocation sin resolver al que se hace referencia en la función "bool __cdecl ImGui_ImplOpenGL3_CreateDeviceObjects(void)" (?ImGui_ImplOpenGL3_CreateDeviceObjects@@YA_NXZ)
imgui_impl_opengl3.obj : error LNK2019: símbolo externo __imp____glewGetProgramInfoLog sin resolver al que se hace referencia en la función "bool __cdecl CheckProgram(unsigned int,char const *)" (?CheckProgram@@YA_NIPBD@Z)
imgui_impl_opengl3.obj : error LNK2019: símbolo externo __imp____glewGetProgramiv sin resolver al que se hace referencia en la función "bool __cdecl CheckProgram(unsigned int,char const *)" (?CheckProgram@@YA_NIPBD@Z)
imgui_impl_opengl3.obj : error LNK2019: símbolo externo __imp____glewGetShaderInfoLog sin resolver al que se hace referencia en la función "bool __cdecl CheckShader(unsigned int,char const *)" (?CheckShader@@YA_NIPBD@Z)
imgui_impl_opengl3.obj : error LNK2019: símbolo externo __imp____glewGetShaderiv sin resolver al que se hace referencia en la función "bool __cdecl CheckShader(unsigned int,char const *)" (?CheckShader@@YA_NIPBD@Z)
imgui_impl_opengl3.obj : error LNK2019: símbolo externo __imp____glewGetUniformLocation sin resolver al que se hace referencia en la función "bool __cdecl ImGui_ImplOpenGL3_CreateDeviceObjects(void)" (?ImGui_ImplOpenGL3_CreateDeviceObjects@@YA_NXZ)
imgui_impl_opengl3.obj : error LNK2019: símbolo externo __imp____glewLinkProgram sin resolver al que se hace referencia en la función "bool __cdecl ImGui_ImplOpenGL3_CreateDeviceObjects(void)" (?ImGui_ImplOpenGL3_CreateDeviceObjects@@YA_NXZ)
imgui_impl_opengl3.obj : error LNK2019: símbolo externo __imp____glewShaderSource sin resolver al que se hace referencia en la función "bool __cdecl ImGui_ImplOpenGL3_CreateDeviceObjects(void)" (?ImGui_ImplOpenGL3_CreateDeviceObjects@@YA_NXZ)
imgui_impl_opengl3.obj : error LNK2019: símbolo externo __imp____glewUniform1i sin resolver al que se hace referencia en la función "void __cdecl ImGui_ImplOpenGL3_SetupRenderState(struct ImDrawData *,int,int,unsigned int)" (?ImGui_ImplOpenGL3_SetupRenderState@@YAXPAUImDrawData@@HHI@Z)
imgui_impl_opengl3.obj : error LNK2019: símbolo externo __imp____glewUniformMatrix4fv sin resolver al que se hace referencia en la función "void __cdecl ImGui_ImplOpenGL3_SetupRenderState(struct ImDrawData *,int,int,unsigned int)" (?ImGui_ImplOpenGL3_SetupRenderState@@YAXPAUImDrawData@@HHI@Z)
imgui_impl_opengl3.obj : error LNK2019: símbolo externo __imp____glewUseProgram sin resolver al que se hace referencia en la función "void __cdecl ImGui_ImplOpenGL3_RenderDrawData(struct ImDrawData *)" (?ImGui_ImplOpenGL3_RenderDrawData@@YAXPAUImDrawData@@@Z)
imgui_impl_opengl3.obj : error LNK2019: símbolo externo __imp____glewVertexAttribPointer sin resolver al que se hace referencia en la función "void __cdecl ImGui_ImplOpenGL3_SetupRenderState(struct ImDrawData *,int,int,unsigned int)" (?ImGui_ImplOpenGL3_SetupRenderState@@YAXPAUImDrawData@@HHI@Z)
imgui_impl_opengl3.obj : error LNK2019: símbolo externo __imp____glewDrawElementsBaseVertex sin resolver al que se hace referencia en la función "void __cdecl ImGui_ImplOpenGL3_RenderDrawData(struct ImDrawData *)" (?ImGui_ImplOpenGL3_RenderDrawData@@YAXPAUImDrawData@@@Z)
imgui_impl_opengl3.obj : error LNK2019: símbolo externo __imp____glewBindSampler sin resolver al que se hace referencia en la función "void __cdecl ImGui_ImplOpenGL3_RenderDrawData(struct ImDrawData *)" (?ImGui_ImplOpenGL3_RenderDrawData@@YAXPAUImDrawData@@@Z)
imgui_impl_opengl3.obj : error LNK2019: símbolo externo __imp____glewBindVertexArray sin resolver al que se hace referencia en la función "bool __cdecl ImGui_ImplOpenGL3_CreateDeviceObjects(void)" (?ImGui_ImplOpenGL3_CreateDeviceObjects@@YA_NXZ)
imgui_impl_opengl3.obj : error LNK2019: símbolo externo __imp____glewDeleteVertexArrays sin resolver al que se hace referencia en la función "void __cdecl ImGui_ImplOpenGL3_RenderDrawData(struct ImDrawData *)" (?ImGui_ImplOpenGL3_RenderDrawData@@YAXPAUImDrawData@@@Z)
imgui_impl_opengl3.obj : error LNK2019: símbolo externo __imp____glewGenVertexArrays sin resolver al que se hace referencia en la función "void __cdecl ImGui_ImplOpenGL3_RenderDrawData(struct ImDrawData *)" (?ImGui_ImplOpenGL3_RenderDrawData@@YAXPAUImDrawData@@@Z)
Renderer.obj : error LNK2019: símbolo externo __imp____glewPrimitiveRestartIndex sin resolver al que se hace referencia en la función "public: void __thiscall Renderer::prepareOpenGL(unsigned short,unsigned short)" (?prepareOpenGL@Renderer@@QAEXGG@Z)
FBO.obj : error LNK2019: símbolo externo __imp____glewCheckFramebufferStatus sin resolver al que se hace referencia en la función "protected: bool __thiscall FBO::checkFBOstate(void)" (?checkFBOstate@FBO@@IAE_NXZ)
FBO.obj : error LNK2019: símbolo externo __imp____glewDeleteFramebuffers sin resolver al que se hace referencia en la función "public: virtual __thiscall FBO::~FBO(void)" (??1FBO@@UAE@XZ)
FBOScreenshot.obj : error LNK2019: símbolo externo __imp____glewBindFramebuffer sin resolver al que se hace referencia en la función "public: __thiscall FBOScreenshot::FBOScreenshot(unsigned short,unsigned short)" (??0FBOScreenshot@@QAE@GG@Z)
FBOScreenshot.obj : error LNK2019: símbolo externo __imp____glewBindRenderbuffer sin resolver al que se hace referencia en la función "public: __thiscall FBOScreenshot::FBOScreenshot(unsigned short,unsigned short)" (??0FBOScreenshot@@QAE@GG@Z)
FBOScreenshot.obj : error LNK2019: símbolo externo __imp____glewBlitFramebuffer sin resolver al que se hace referencia en la función "public: class Image * __thiscall FBOScreenshot::getImage(void)" (?getImage@FBOScreenshot@@QAEPAVImage@@XZ)
FBOScreenshot.obj : error LNK2019: símbolo externo __imp____glewDeleteRenderbuffers sin resolver al que se hace referencia en la función "public: virtual __thiscall FBOScreenshot::~FBOScreenshot(void)" (??1FBOScreenshot@@UAE@XZ)
FBOScreenshot.obj : error LNK2019: símbolo externo __imp____glewFramebufferRenderbuffer sin resolver al que se hace referencia en la función "public: __thiscall FBOScreenshot::FBOScreenshot(unsigned short,unsigned short)" (??0FBOScreenshot@@QAE@GG@Z)
FBOScreenshot.obj : error LNK2019: símbolo externo __imp____glewFramebufferTexture2D sin resolver al que se hace referencia en la función "public: __thiscall FBOScreenshot::FBOScreenshot(unsigned short,unsigned short)" (??0FBOScreenshot@@QAE@GG@Z)
FBOScreenshot.obj : error LNK2019: símbolo externo __imp____glewGenFramebuffers sin resolver al que se hace referencia en la función "public: __thiscall FBOScreenshot::FBOScreenshot(unsigned short,unsigned short)" (??0FBOScreenshot@@QAE@GG@Z)
FBOScreenshot.obj : error LNK2019: símbolo externo __imp____glewGenRenderbuffers sin resolver al que se hace referencia en la función "public: __thiscall FBOScreenshot::FBOScreenshot(unsigned short,unsigned short)" (??0FBOScreenshot@@QAE@GG@Z)
FBOScreenshot.obj : error LNK2019: símbolo externo __imp____glewRenderbufferStorageMultisample sin resolver al que se hace referencia en la función "public: __thiscall FBOScreenshot::FBOScreenshot(unsigned short,unsigned short)" (??0FBOScreenshot@@QAE@GG@Z)
Window.obj : error LNK2019: símbolo externo __imp__glewInit@0 sin resolver al que se hace referencia en la función "public: bool __thiscall Window::load(class std::basic_string<char,struct std::char_traits<char>,class std::allocator<char> > const &,unsigned short,unsigned short,unsigned char)" (?load@Window@@QAE_NABV?$basic_string@DU?$char_traits@D@std@@V?$allocator@D@2@@std@@GGE@Z)
Window.obj : error LNK2019: símbolo externo _glfwInit sin resolver al que se hace referencia en la función "public: bool __thiscall Window::load(class std::basic_string<char,struct std::char_traits<char>,class std::allocator<char> > const &,unsigned short,unsigned short,unsigned char)" (?load@Window@@QAE_NABV?$basic_string@DU?$char_traits@D@std@@V?$allocator@D@2@@std@@GGE@Z)
Window.obj : error LNK2019: símbolo externo _glfwTerminate sin resolver al que se hace referencia en la función "public: bool __thiscall Window::load(class std::basic_string<char,struct std::char_traits<char>,class std::allocator<char> > const &,unsigned short,unsigned short,unsigned char)" (?load@Window@@QAE_NABV?$basic_string@DU?$char_traits@D@std@@V?$allocator@D@2@@std@@GGE@Z)
Window.obj : error LNK2019: símbolo externo _glfwWindowHint sin resolver al que se hace referencia en la función "public: bool __thiscall Window::load(class std::basic_string<char,struct std::char_traits<char>,class std::allocator<char> > const &,unsigned short,unsigned short,unsigned char)" (?load@Window@@QAE_NABV?$basic_string@DU?$char_traits@D@std@@V?$allocator@D@2@@std@@GGE@Z)
Window.obj : error LNK2019: símbolo externo _glfwCreateWindow sin resolver al que se hace referencia en la función "public: bool __thiscall Window::load(class std::basic_string<char,struct std::char_traits<char>,class std::allocator<char> > const &,unsigned short,unsigned short,unsigned char)" (?load@Window@@QAE_NABV?$basic_string@DU?$char_traits@D@std@@V?$allocator@D@2@@std@@GGE@Z)
Window.obj : error LNK2019: símbolo externo _glfwDestroyWindow sin resolver al que se hace referencia en la función "public: void __thiscall Window::startRenderingCycle(void)" (?startRenderingCycle@Window@@QAEXXZ)
Window.obj : error LNK2019: símbolo externo _glfwWindowShouldClose sin resolver al que se hace referencia en la función "public: void __thiscall Window::startRenderingCycle(void)" (?startRenderingCycle@Window@@QAEXXZ)
Window.obj : error LNK2019: símbolo externo _glfwPollEvents sin resolver al que se hace referencia en la función "public: void __thiscall Window::startRenderingCycle(void)" (?startRenderingCycle@Window@@QAEXXZ)
Window.obj : error LNK2019: símbolo externo _glfwMakeContextCurrent sin resolver al que se hace referencia en la función "public: bool __thiscall Window::load(class std::basic_string<char,struct std::char_traits<char>,class std::allocator<char> > const &,unsigned short,unsigned short,unsigned char)" (?load@Window@@QAE_NABV?$basic_string@DU?$char_traits@D@std@@V?$allocator@D@2@@std@@GGE@Z)
Window.obj : error LNK2019: símbolo externo _glfwSwapInterval sin resolver al que se hace referencia en la función "public: bool __thiscall Window::load(class std::basic_string<char,struct std::char_traits<char>,class std::allocator<char> > const &,unsigned short,unsigned short,unsigned char)" (?load@Window@@QAE_NABV?$basic_string@DU?$char_traits@D@std@@V?$allocator@D@2@@std@@GGE@Z)
Window.obj : error LNK2019: símbolo externo __imp__glewExperimental sin resolver al que se hace referencia en la función "public: bool __thiscall Window::load(class std::basic_string<char,struct std::char_traits<char>,class std::allocator<char> > const &,unsigned short,unsigned short,unsigned char)" (?load@Window@@QAE_NABV?$basic_string@DU?$char_traits@D@std@@V?$allocator@D@2@@std@@GGE@Z)
C:\Users\AlfonsoLópezRuiz\Desktop\Libraries\glew\lib\Release\x64\glew32.lib : warning LNK4272: el tipo de máquina de biblioteca 'x64' está en conflicto con el tipo de máquina de destino 'x86'
C:\Users\AlfonsoLópezRuiz\Desktop\Libraries\glfw\lib-vc2019\glfw3.lib : warning LNK4272: el tipo de máquina de biblioteca 'x64' está en conflicto con el tipo de máquina de destino 'x86'
D:\Github\RayTracing\Debug\RayTracing.exe : fatal error LNK1120: 77 externos sin resolver
