  stdafx.cpp
  imgui_draw.cpp
  imgui_tables.cpp
  imgui_widgets.cpp
  Generando código...
  OBJ_Loader.cpp
D:\Github\RayTracing\RayTracing\Libraries\objloader\OBJ_Loader.cpp(726,16): warning C4244: 'inicializando': conversión de 'double' a 'float'; posible pérdida de datos
  AABB.cpp
  Ray3D.cpp
  CameraManager.cpp
  GeometricScene.cpp
  MaterialList.cpp
  Renderer.cpp
  Scene.cpp
  TextureList.cpp
  CADModel.cpp
D:\Github\RayTracing\RayTracing\Source\Utilities\FileManagement.h(63,26): warning C4101: 'exception': variable local sin referencia
  Camera.cpp
  ComputeShader.cpp
D:\Github\RayTracing\RayTracing\Source\Graphics\Core\ComputeShader.cpp(21,141): warning C4267: 'argumento': conversión de 'size_t' a 'GLsizei'; posible pérdida de datos
  FBO.cpp
  FBOScreenshot.cpp
D:\Github\RayTracing\RayTracing\Source\Utilities\FileManagement.h(63,26): warning C4101: 'exception': variable local sin referencia
  FloatImage.cpp
D:\Github\RayTracing\RayTracing\Source\Graphics\Core\FloatImage.cpp(8,86): warning C4267: 'argumento': conversión de 'size_t' a 'const unsigned int'; posible pérdida de datos
D:\Github\RayTracing\RayTracing\Source\Graphics\Core\FloatImage.cpp(29,88): warning C4267: 'argumento': conversión de 'size_t' a 'const unsigned int'; posible pérdida de datos
  Group3D.cpp
D:\Github\RayTracing\RayTracing\Source\Graphics\Core\Group3D.cpp(81,27): warning C4244: '=': conversión de 'float' a 'unsigned int'; posible pérdida de datos
D:\Github\RayTracing\RayTracing\Source\Graphics\Core\Group3D.cpp(82,24): warning C4244: '=': conversión de 'double' a 'unsigned int'; posible pérdida de datos
D:\Github\RayTracing\RayTracing\Source\Graphics\Core\Group3D.cpp(117,35): warning C4244: 'argumento': conversión de 'float' a '_Ty'; posible pérdida de datos
          with
          [
              _Ty=std::seed_seq::result_type
          ]
D:\Github\RayTracing\RayTracing\Source\Graphics\Core\Group3D.cpp(131,37): warning C4267: '=': conversión de 'size_t' a 'unsigned int'; posible pérdida de datos
D:\Github\RayTracing\RayTracing\Source\Graphics\Core\Group3D.cpp(185,39): warning C4267: 'inicializando': conversión de 'size_t' a 'unsigned int'; posible pérdida de datos
D:\Github\RayTracing\RayTracing\Source\Graphics\Core\Group3D.cpp(222,45): warning C4267: '+=': conversión de 'size_t' a 'unsigned int'; posible pérdida de datos
D:\Github\RayTracing\RayTracing\Source\Graphics\Core\Group3D.cpp(223,46): warning C4267: '+=': conversión de 'size_t' a 'unsigned int'; posible pérdida de datos
D:\Github\RayTracing\RayTracing\Source\Graphics\Core\Group3D.cpp(237,44): warning C4267: '=': conversión de 'size_t' a 'unsigned int'; posible pérdida de datos
D:\Github\RayTracing\RayTracing\Source\Graphics\Core\Group3D.cpp(242,69): warning C4267: '=': conversión de 'size_t' a 'unsigned int'; posible pérdida de datos
D:\Github\RayTracing\RayTracing\Source\Graphics\Core\Group3D.cpp(250,66): warning C4267: '=': conversión de 'size_t' a 'unsigned int'; posible pérdida de datos
D:\Github\RayTracing\RayTracing\Source\Graphics\Core\Group3D.cpp(296,32): warning C4244: 'inicializando': conversión de 'double' a 'int'; posible pérdida de datos
D:\Github\RayTracing\RayTracing\Source\Graphics\Core\Group3D.cpp(296,21): warning C4244: 'inicializando': conversión de 'double' a 'const int'; posible pérdida de datos
D:\Github\RayTracing\RayTracing\Source\Graphics\Core\Group3D.cpp(297,23): warning C4244: 'inicializando': conversión de 'float' a 'unsigned int'; posible pérdida de datos
D:\Github\RayTracing\RayTracing\Source\Graphics\Core\Group3D.cpp(304,25): warning C4018: '<': no coinciden signed/unsigned
D:\Github\RayTracing\RayTracing\Source\Graphics\Core\Group3D.cpp(310,25): warning C4244: '=': conversión de 'float' a 'unsigned int'; posible pérdida de datos
D:\Github\RayTracing\RayTracing\Source\Graphics\Core\Group3D.cpp(358,41): warning C4244: 'inicializando': conversión de 'float' a 'unsigned int'; posible pérdida de datos
D:\Github\RayTracing\RayTracing\Source\Graphics\Core\Group3D.cpp(358,30): warning C4244: 'inicializando': conversión de 'float' a 'const unsigned int'; posible pérdida de datos
D:\Github\RayTracing\RayTracing\Source\Graphics\Core\Group3D.cpp(359,33): warning C4244: 'inicializando': conversión de 'double' a 'int'; posible pérdida de datos
D:\Github\RayTracing\RayTracing\Source\Graphics\Core\Group3D.cpp(359,22): warning C4244: 'inicializando': conversión de 'double' a 'const int'; posible pérdida de datos
D:\Github\RayTracing\RayTracing\Source\Graphics\Core\Group3D.cpp(395,20): warning C4018: '<': no coinciden signed/unsigned
D:\Github\RayTracing\RayTracing\Source\Graphics\Core\Group3D.cpp(403,35): warning C4244: 'argumento': conversión de 'float' a '_Ty'; posible pérdida de datos
          with
          [
              _Ty=std::seed_seq::result_type
          ]
D:\Github\RayTracing\RayTracing\Source\Graphics\Core\Group3D.cpp(417,37): warning C4267: '=': conversión de 'size_t' a 'unsigned int'; posible pérdida de datos
D:\Github\RayTracing\RayTracing\Source\Graphics\Core\Group3D.cpp(418,38): warning C4018: '<': no coinciden signed/unsigned
  Hittable.cpp
  Material.cpp
  Model3D.cpp
D:\Github\RayTracing\RayTracing\Source\Utilities\FileManagement.h(63,26): warning C4101: 'exception': variable local sin referencia
D:\Github\RayTracing\RayTracing\Source\Graphics\Core\Model3D.cpp(113,9): warning C4101: 'numIndices': variable local sin referencia
  OpenGLUtilities.cpp
  Generando código...
  Compilando...
  OrthoProjection.cpp
  PerspProjection.cpp
  RayTracer.cpp
  RenderingShader.cpp
D:\Github\RayTracing\RayTracing\Source\Graphics\Core\RenderingShader.cpp(16,138): warning C4267: 'argumento': conversión de 'size_t' a 'GLsizei'; posible pérdida de datos
D:\Github\RayTracing\RayTracing\Source\Graphics\Core\RenderingShader.cpp(17,144): warning C4267: 'argumento': conversión de 'size_t' a 'GLsizei'; posible pérdida de datos
D:\Github\RayTracing\RayTracing\Source\Graphics\Core\RenderingShader.cpp(18,144): warning C4267: 'argumento': conversión de 'size_t' a 'GLsizei'; posible pérdida de datos
  ShaderList.cpp
  ShaderProgram.cpp
  Sphere.cpp
  Texture.cpp
D:\Github\RayTracing\RayTracing\Source\Graphics\Core\Texture.cpp(133,41): warning C4838: la conversión de 'float' en 'const unsigned char' requiere una conversión de restricción
D:\Github\RayTracing\RayTracing\Source\Graphics\Core\Texture.cpp(133,41): warning C4244: 'inicializando': conversión de 'float' a 'const unsigned char'; posible pérdida de datos
D:\Github\RayTracing\RayTracing\Source\Graphics\Core\Texture.cpp(133,59): warning C4838: la conversión de 'float' en 'const unsigned char' requiere una conversión de restricción
D:\Github\RayTracing\RayTracing\Source\Graphics\Core\Texture.cpp(133,59): warning C4244: 'inicializando': conversión de 'float' a 'const unsigned char'; posible pérdida de datos
D:\Github\RayTracing\RayTracing\Source\Graphics\Core\Texture.cpp(133,77): warning C4838: la conversión de 'float' en 'const unsigned char' requiere una conversión de restricción
D:\Github\RayTracing\RayTracing\Source\Graphics\Core\Texture.cpp(133,77): warning C4244: 'inicializando': conversión de 'float' a 'const unsigned char'; posible pérdida de datos
D:\Github\RayTracing\RayTracing\Source\Graphics\Core\Texture.cpp(133,95): warning C4838: la conversión de 'float' en 'const unsigned char' requiere una conversión de restricción
D:\Github\RayTracing\RayTracing\Source\Graphics\Core\Texture.cpp(133,95): warning C4244: 'inicializando': conversión de 'float' a 'const unsigned char'; posible pérdida de datos
  UnsignedImage.cpp
  VAO.cpp
D:\Github\RayTracing\RayTracing\Source\Graphics\Core\VAO.cpp(95,68): warning C4267: 'inicializando': conversión de 'size_t' a 'int'; posible pérdida de datos
D:\Github\RayTracing\RayTracing\Source\Graphics\Core\VAO.cpp(95,68): warning C4267: 'inicializando': conversión de 'size_t' a 'const int'; posible pérdida de datos
  font_awesome.cpp
  font_awesome_2.cpp
  lato.cpp
  GUI.cpp
  InputManager.cpp
D:\Github\RayTracing\RayTracing\Source\Interface\InputManager.cpp(259,39): warning C4244: 'argumento': conversión de 'double' a 'const float'; posible pérdida de datos
D:\Github\RayTracing\RayTracing\Source\Interface\InputManager.cpp(259,33): warning C4244: 'argumento': conversión de 'double' a 'const float'; posible pérdida de datos
D:\Github\RayTracing\RayTracing\Source\Interface\InputManager.cpp(272,23): warning C4244: 'argumento': conversión de 'double' a 'float'; posible pérdida de datos
  Window.cpp
  main.cpp
C:\Program Files (x86)\Windows Kits\10\Include\10.0.19041.0\shared\minwindef.h(130,1): warning C4005: 'APIENTRY': redefinición de macro
C:\Users\AlfonsoLópezRuiz\Desktop\Libraries\glfw\include\GLFW\glfw3.h(104): message : vea la definición anterior de 'APIENTRY'
D:\Github\RayTracing\RayTracing\Source\main.cpp(18,12): warning C4244: 'argumento': conversión de 'time_t' a 'unsigned int'; posible pérdida de datos
  Generando código...
     Creando biblioteca D:\Github\RayTracing\x64\Debug\RayTracing.lib y objeto D:\Github\RayTracing\x64\Debug\RayTracing.exp
LINK : warning LNK4098: la biblioteca predeterminada'MSVCRT' entra en conflicto con otras bibliotecas; use la biblioteca /NODEFAULTLIB:biblioteca
  RayTracing.vcxproj -> D:\Github\RayTracing\x64\Debug\RayTracing.exe
