d:\github\raytracing\raytracing\x64\release\raytracing.pch
d:\github\raytracing\raytracing\x64\release\vc142.pdb
d:\github\raytracing\raytracing\x64\release\stdafx.obj
d:\github\raytracing\raytracing\x64\release\main.obj
d:\github\raytracing\raytracing\x64\release\window.obj
d:\github\raytracing\raytracing\x64\release\inputmanager.obj
d:\github\raytracing\raytracing\x64\release\gui.obj
d:\github\raytracing\raytracing\x64\release\lato.obj
d:\github\raytracing\raytracing\x64\release\font_awesome_2.obj
d:\github\raytracing\raytracing\x64\release\font_awesome.obj
d:\github\raytracing\raytracing\x64\release\vao.obj
d:\github\raytracing\raytracing\x64\release\image.obj
d:\github\raytracing\raytracing\x64\release\fboscreenshot.obj
d:\github\raytracing\raytracing\x64\release\fbo.obj
d:\github\raytracing\raytracing\x64\release\renderer.obj
d:\github\raytracing\raytracing\x64\release\imgui_widgets.obj
d:\github\raytracing\raytracing\x64\release\imgui_tables.obj
d:\github\raytracing\raytracing\x64\release\imgui_draw.obj
d:\github\raytracing\raytracing\x64\release\raytracing.tlog\cl.command.1.tlog
d:\github\raytracing\raytracing\x64\release\raytracing.tlog\cl.read.1.tlog
d:\github\raytracing\raytracing\x64\release\raytracing.tlog\cl.write.1.tlog
d:\github\raytracing\raytracing\x64\release\raytracing.tlog\link.command.1.tlog
d:\github\raytracing\raytracing\x64\release\raytracing.tlog\link.read.1.tlog
d:\github\raytracing\raytracing\x64\release\raytracing.tlog\link.write.1.tlog
